<?xml version="1.0" encoding="UTF-8"?>
<testsuite name="agh.ics.oop.AnimalWithParsingTest" tests="4" skipped="0" failures="0" errors="0" timestamp="2022-10-23T15:02:30" hostname="Vykonnotebookuprenosnosttabletu.local" time="0.011">
  <properties/>
  <testcase name="test1()" classname="agh.ics.oop.AnimalWithParsingTest" time="0.009"/>
  <testcase name="test2()" classname="agh.ics.oop.AnimalWithParsingTest" time="0.0"/>
  <testcase name="test3()" classname="agh.ics.oop.AnimalWithParsingTest" time="0.001"/>
  <testcase name="test4()" classname="agh.ics.oop.AnimalWithParsingTest" time="0.0"/>
  <system-out><![CDATA[]]></system-out>
  <system-err><![CDATA[]]></system-err>
</testsuite>
